14:49:02 [6332]	/card_object_type/agreement.xml
14:49:02 [6332]	/card_object_type/budget.xml
14:49:02 [6332]	/card_object_type/calendar_entry.xml
14:49:02 [6332]	/card_object_type/candidate.xml
14:49:02 [6332]	/card_object_type/division.xml
14:49:02 [6332]	/card_object_type/event.xml
14:49:02 [6332]	/card_object_type/expense.xml
14:49:02 [6332]	/card_object_type/org.xml
14:49:02 [6332]	/card_object_type/person.xml
14:49:02 [6332]	/card_object_type/position.xml
14:49:02 [6332]	/card_object_type/task.xml
14:49:02 [6332]	/card_object_type/testing.xml
14:49:02 [6332]	/card_object_type/training_group.xml
14:49:02 [6332]	/card_object_type/vacancy.xml
14:49:02 [6332]	/card_attachment_type/add_comment.xml
14:49:02 [6332]	/card_attachment_type/candidate_form.xml
14:49:02 [6332]	/card_attachment_type/cover_letter.xml
14:49:02 [6332]	/card_attachment_type/letter.xml
14:49:02 [6332]	/card_attachment_type/location_desc.xml
14:49:02 [6332]	/card_attachment_type/photo.xml
14:49:02 [6332]	/card_attachment_type/resume.xml
14:49:02 [6332]	/card_attachment_type/vacancy_desc.xml
14:49:02 [6332]	/mail_template/add_notify.xml
14:49:02 [6332]	/mail_template/candidate_form_request_link.xml
14:49:02 [6332]	/mail_template/client_resume.xml
14:49:02 [6332]	/mail_template/first_call_arrange.xml
14:49:02 [6332]	/mail_template/first_call_arrange_2.xml
14:49:02 [6332]	/mail_template/interview_date_notif.xml
14:49:02 [6332]	/mail_template/interview_invite.xml
14:49:02 [6332]	/mail_template/interview_invite_2.xml
14:49:02 [6332]	/mail_template/notify_probation_assessment.xml
14:49:02 [6332]	/mail_template/notify_state_rr_approve.xml
14:49:02 [6332]	/mail_template/notify_state_rr_poll.xml
14:49:02 [6332]	/mail_template/notify_vacancy_state_changed.xml
14:49:02 [6332]	/mail_template/notify_video_interview_poll_assigned.xml
14:49:02 [6332]	/mail_template/org_rr_interview_date_notif.xml
14:49:02 [6332]	/mail_template/reject.xml
14:49:02 [6332]	/mail_template/request_candidate_pd_consent.xml
14:49:02 [6332]	/mail_template/rr_interview_date_notif.xml
14:49:02 [6332]	/mail_template/testing_link.xml
14:49:02 [6332]	/mail_template/vacancy_close.xml
14:49:03 [6332]	/currency/BYR.xml
14:49:03 [6332]	/currency/EUR.xml
14:49:03 [6332]	/currency/KZT.xml
14:49:03 [6332]	/currency/RUR.xml
14:49:03 [6332]	/currency/UAH.xml
14:49:03 [6332]	/currency/USD.xml
14:49:03 [6332]	/language/.xml
14:49:03 [6332]	/language/ab.xml
14:49:03 [6332]	/language/af.xml
14:49:03 [6332]	/language/am.xml
14:49:03 [6332]	/language/an.xml
14:49:03 [6332]	/language/ar.xml
14:49:03 [6332]	/language/av.xml
14:49:03 [6332]	/language/az.xml
14:49:03 [6332]	/language/ba.xml
14:49:03 [6332]	/language/be.xml
14:49:03 [6332]	/language/bg.xml
14:49:03 [6332]	/language/bn.xml
14:49:03 [6332]	/language/bo.xml
14:49:03 [6332]	/language/bs.xml
14:49:03 [6332]	/language/ca.xml
14:49:03 [6332]	/language/ce.xml
14:49:03 [6332]	/language/cs.xml
14:49:03 [6332]	/language/cv.xml
14:49:03 [6332]	/language/da.xml
14:49:03 [6332]	/language/de.xml
14:49:03 [6332]	/language/el.xml
14:49:03 [6332]	/language/en.xml
14:49:03 [6332]	/language/eo.xml
14:49:03 [6332]	/language/es.xml
14:49:03 [6332]	/language/et.xml
14:49:03 [6332]	/language/eu.xml
14:49:03 [6332]	/language/fa.xml
14:49:03 [6332]	/language/fi.xml
14:49:03 [6332]	/language/fr.xml
14:49:03 [6332]	/language/ga.xml
14:49:03 [6332]	/language/he.xml
14:49:03 [6332]	/language/hi.xml
14:49:03 [6332]	/language/hr.xml
14:49:03 [6332]	/language/hu.xml
14:49:03 [6332]	/language/hy.xml
14:49:03 [6332]	/language/id.xml
14:49:03 [6332]	/language/is.xml
14:49:03 [6332]	/language/it.xml
14:49:03 [6332]	/language/ja.xml
14:49:03 [6332]	/language/ka.xml
14:49:03 [6332]	/language/kk.xml
14:49:03 [6332]	/language/km.xml
14:49:03 [6332]	/language/ko.xml
14:49:03 [6332]	/language/ks.xml
14:49:03 [6332]	/language/ku.xml
14:49:03 [6332]	/language/kv.xml
14:49:03 [6332]	/language/ky.xml
14:49:03 [6332]	/language/la.xml
14:49:03 [6332]	/language/lo.xml
14:49:03 [6332]	/language/lt.xml
14:49:03 [6332]	/language/lv.xml
14:49:03 [6332]	/language/mn.xml
14:49:03 [6332]	/language/my.xml
14:49:03 [6332]	/language/ne.xml
14:49:03 [6332]	/language/nl.xml
14:49:03 [6332]	/language/no.xml
14:49:03 [6332]	/language/os.xml
14:49:03 [6332]	/language/pa.xml
14:49:03 [6332]	/language/pl.xml
14:49:03 [6332]	/language/ps.xml
14:49:03 [6332]	/language/pt.xml
14:49:03 [6332]	/language/ro.xml
14:49:03 [6332]	/language/ru.xml
14:49:03 [6332]	/language/sa.xml
14:49:03 [6332]	/language/sk.xml
14:49:03 [6332]	/language/sl.xml
14:49:03 [6332]	/language/so.xml
14:49:03 [6332]	/language/sq.xml
14:49:03 [6332]	/language/sr.xml
14:49:03 [6332]	/language/sv.xml
14:49:03 [6332]	/language/sw.xml
14:49:03 [6332]	/language/ta.xml
14:49:03 [6332]	/language/tg.xml
14:49:03 [6332]	/language/th.xml
14:49:03 [6332]	/language/tk.xml
14:49:03 [6332]	/language/tl.xml
14:49:03 [6332]	/language/tr.xml
14:49:03 [6332]	/language/tt.xml
14:49:03 [6332]	/language/ug.xml
14:49:03 [6332]	/language/uk.xml
14:49:03 [6332]	/language/ur.xml
14:49:03 [6332]	/language/uz.xml
14:49:03 [6332]	/language/vi.xml
14:49:03 [6332]	/language/zh.xml
14:49:03 [6332]	/view/agents.xml
14:49:03 [6332]	/view/agreements.xml
14:49:03 [6332]	/view/agreements_of_org.xml
14:49:03 [6332]	/view/budgets.xml
14:49:03 [6332]	/view/calendar_entries.xml
14:49:03 [6332]	/view/calendar_entries_with_type.xml
14:49:03 [6332]	/view/candidate_events_of_org.xml
14:49:03 [6332]	/view/candidate_events_of_vacancy.xml
14:49:03 [6332]	/view/candidates.xml
14:49:03 [6332]	/view/candidates_call_again.xml
14:49:03 [6332]	/view/candidates_duty.xml
14:49:03 [6332]	/view/candidates_expired.xml
14:49:03 [6332]	/view/candidates_from_call_center.xml
14:49:03 [6332]	/view/candidates_new.xml
14:49:03 [6332]	/view/candidates_of_profession.xml
14:49:03 [6332]	/view/candidates_of_vacancy.xml
14:49:03 [6332]	/view/candidates_of_vacancy_2.xml
14:49:03 [6332]	/view/candidates_search.xml
14:49:03 [6332]	/view/candidates_with_state.xml
14:49:03 [6332]	/view/candidates_with_state_all.xml
14:49:03 [6332]	/view/contact_lists.xml
14:49:03 [6332]	/view/divisions.xml
14:49:03 [6332]	/view/divisions_of_division.xml
14:49:03 [6332]	/view/divisions_with_mass_recruit.xml
14:49:03 [6332]	/view/email_messages.xml
14:49:03 [6332]	/view/email_messages_of_candidate.xml
14:49:03 [6332]	/view/email_messages_of_org.xml
14:49:03 [6332]	/view/email_messages_of_person.xml
14:49:03 [6332]	/view/events.xml
14:49:03 [6332]	/view/events_expired.xml
14:49:03 [6332]	/view/events_of_candidate.xml
14:49:03 [6332]	/view/events_of_org.xml
14:49:03 [6332]	/view/events_of_person.xml
14:49:03 [6332]	/view/events_with_type.xml
14:49:03 [6332]	/view/expenses.xml
14:49:03 [6332]	/view/external_accounts.xml
14:49:03 [6332]	/view/external_vacancies.xml
14:49:03 [6332]	/view/group_interviews.xml
14:49:03 [6332]	/view/groups.xml
14:49:03 [6332]	/view/groups_of_group.xml
14:49:03 [6332]	/view/notifications.xml
14:49:03 [6332]	/view/orgs.xml
14:49:03 [6332]	/view/orgs_active.xml
14:49:03 [6332]	/view/orgs_lost.xml
14:49:03 [6332]	/view/orgs_tentative.xml
14:49:03 [6332]	/view/parsed_messages.xml
14:49:03 [6332]	/view/parsed_messages_of_raw_folder_storage.xml
14:49:03 [6332]	/view/parsed_messages_of_raw_mailbox_storage.xml
14:49:03 [6332]	/view/person_struct_roles.xml
14:49:03 [6332]	/view/person_struct_roles_of_person.xml
14:49:03 [6332]	/view/persons.xml
14:49:03 [6332]	/view/persons_base.xml
14:49:03 [6332]	/view/persons_base_active.xml
14:49:03 [6332]	/view/persons_base_inactive.xml
14:49:03 [6332]	/view/persons_birthdays.xml
14:49:03 [6332]	/view/persons_of_division.xml
14:49:03 [6332]	/view/persons_of_org.xml
14:49:03 [6332]	/view/persons_other.xml
14:49:03 [6332]	/view/persons_own.xml
14:49:03 [6332]	/view/persons_own_with_division.xml
14:49:03 [6332]	/view/phone_call_records.xml
14:49:03 [6332]	/view/phone_call_records_of_candidate.xml
14:49:03 [6332]	/view/positions.xml
14:49:03 [6332]	/view/positions_of_division.xml
14:49:03 [6332]	/view/professions_with_candidates.xml
14:49:03 [6332]	/view/resp_candidates.xml
14:49:03 [6332]	/view/resp_candidates_of_vacancy.xml
14:49:03 [6332]	/view/rr_polls_with_type.xml
14:49:03 [6332]	/view/tasks.xml
14:49:03 [6332]	/view/testings.xml
14:49:03 [6332]	/view/training_groups.xml
14:49:03 [6332]	/view/users.xml
14:49:03 [6332]	/view/users_with_workload.xml
14:49:03 [6332]	/view/vacancies.xml
14:49:03 [6332]	/view/vacancies_active.xml
14:49:03 [6332]	/view/vacancies_active_of_org.xml
14:49:03 [6332]	/view/vacancies_active_with_candidates.xml
14:49:03 [6332]	/view/vacancies_inactive.xml
14:49:03 [6332]	/view/vacancies_of_division.xml
14:49:03 [6332]	/view/vacancies_of_org.xml
14:49:03 [6332]	/view/vacancies_tentative.xml
14:49:03 [6332]	/view/vacancy_ads.xml
14:49:03 [6332]	/view/vacancy_instances.xml
14:49:03 [6332]	/view/workflow_documents.xml
14:49:03 [6332]	/agent/auto_reminder.xml
14:49:03 [6332]	/agent/bind_candidates_to_employees.xml
14:49:03 [6332]	/agent/birthday_month_day_updater.xml
14:49:03 [6332]	/agent/build_calendar_entries.xml
14:49:03 [6332]	/agent/candidate_state_checker.xml
14:49:03 [6332]	/agent/candidate_user_duty_checker.xml
14:49:03 [6332]	/agent/check_divisions.xml
14:49:03 [6332]	/agent/check_external_event_states.xml
14:49:03 [6332]	/agent/check_testings.xml
14:49:03 [6332]	/agent/clean_old_resp_candidates.xml
14:49:03 [6332]	/agent/clean_up_calendar_entries.xml
14:49:03 [6332]	/agent/end_date_checker.xml
14:49:03 [6332]	/agent/event_auto_creator.xml
14:49:03 [6332]	/agent/load_from_ext_calendar.xml
14:49:03 [6332]	/agent/load_vacancy_responses.xml
14:49:03 [6332]	/agent/mailbox_scanner.xml
14:49:03 [6332]	/agent/notifications_updater.xml
14:49:03 [6332]	/agent/process_custom_actions.xml
14:49:03 [6332]	/agent/publish_vacancies_async.xml
14:49:03 [6332]	/agent/staff_full_loader.xml
14:49:03 [6332]	/agent/staff_loader.xml
14:49:03 [6332]	/agent/staff_persons_loader.xml
14:49:03 [6332]	/agent/staff_positions_loader.xml
14:49:03 [6332]	/agent/staff_vacancies_loader.xml
14:49:03 [6332]	/agent/unused_candidates_checker.xml
14:49:03 [6332]	/agent/update_candidate_states.xml
14:49:03 [6332]	/agent/update_phone_call_records.xml
14:49:03 [6332]	/agent/update_vacancies_work_days_num.xml
14:49:03 [6332]	/object_action/add_candidate_event.xml
14:49:03 [6332]	/object_action/add_candidate_spot.xml
14:49:03 [6332]	/object_action/add_person_to_contact_list.xml
14:49:03 [6332]	/object_action/convert_division_to_org.xml
14:49:03 [6332]	/object_action/copy_emails.xml
14:49:03 [6332]	/object_action/copy_hex_id.xml
14:49:03 [6332]	/object_action/copy_id.xml
14:49:03 [6332]	/object_action/copy_record_xml.xml
14:49:03 [6332]	/object_action/find_candidate_dup_candidates.xml
14:49:03 [6332]	/object_action/launch_agent.xml
14:49:03 [6332]	/object_action/mass_mail.xml
14:49:03 [6332]	/object_action/mass_sms.xml
14:49:03 [6332]	/object_action/reload_response_details.xml
14:49:03 [6332]	/object_action/resave.xml
14:49:03 [6332]	/object_action/run_agent_sync.xml
14:49:03 [6332]	/object_action/send_candidate_to_arbitrary_person.xml
14:49:03 [6332]	/object_action/send_candidate_to_rr_person.xml
14:49:03 [6332]	/object_action/set_field.xml
14:49:03 [6332]	/object_action/update_candidate_state.xml
14:49:03 [6332]	/stat_section/candidates.xml
14:49:03 [6332]	/stat_section/current_status.xml
14:49:03 [6332]	/stat_section/mass_recruit.xml
14:49:03 [6332]	/stat_section/other.xml
14:49:03 [6332]	/stat_section/recruit.xml
14:49:03 [6332]	/stat_section/vacancies.xml
14:49:03 [6332]	/stat/budgets.xml
14:49:03 [6332]	/stat/candidate_reject_reasons.xml
14:49:03 [6332]	/stat/candidate_withdrawal_reasons.xml
14:49:03 [6332]	/stat/candidates_by_professions.xml
14:49:03 [6332]	/stat/candidates_by_sources.xml
14:49:03 [6332]	/stat/candidates_by_sources_2.xml
14:49:03 [6332]	/stat/candidates_with_source_persons.xml
14:49:03 [6332]	/stat/current_users_workload.xml
14:49:03 [6332]	/stat/current_vacancies_by_division.xml
14:49:03 [6332]	/stat/current_vacancies_by_org.xml
14:49:03 [6332]	/stat/current_vacancies_by_user.xml
14:49:03 [6332]	/stat/dismissal_on_probation.xml
14:49:03 [6332]	/stat/expenses.xml
14:49:03 [6332]	/stat/mass_recruit_funnel.xml
14:49:03 [6332]	/stat/mass_staff_distribution.xml
14:49:03 [6332]	/stat/recruit_current_progress.xml
14:49:03 [6332]	/stat/recruit_funnel.xml
14:49:03 [6332]	/stat/recruit_rejections.xml
14:49:03 [6332]	/stat/recruiters_with_events.xml
14:49:03 [6332]	/stat/vacancies_by_candidate_sources.xml
14:49:03 [6332]	/stat/vacancies_by_difficulty_levels.xml
14:49:03 [6332]	/stat/vacancies_by_professions.xml
14:49:04 [6332]	/stat/vacancies_by_recruit_types.xml
14:49:04 [6332]	/stat/vacancies_by_users.xml
14:49:04 [6332]	/stat/vacancies_closed.xml
14:49:04 [6332]	/stat/vacancies_summary.xml
14:49:04 [6332]	/stat/vacancies_summary_2_by_division.xml
14:49:04 [6332]	/stat/vacancies_summary_2_by_org.xml
14:49:04 [6332]	/stat/vacancies_summary_2_by_user.xml
14:49:04 [6332]	/stat/vacancies_with_candidates.xml
14:49:04 [6332]	/stat/vacancies_with_close_terms.xml
14:49:04 [6332]	/stat/vacancies_with_events.xml
14:49:04 [6332]	/stat/vacancies_with_events_2.xml
14:49:04 [6332]	/stat/vacancies_with_terms_2_by_division.xml
14:49:04 [6332]	/stat/vacancy_instances_with_close_terms.xml
14:49:04 [6332]	/industry/0x0000000000000001.xml
14:49:04 [6332]	/industry/0x0000000000000002.xml
14:49:04 [6332]	/industry/0x0000000000000003.xml
14:49:04 [6332]	/industry/0x0000000000000004.xml
14:49:04 [6332]	/industry/0x0000000000000005.xml
14:49:04 [6332]	/industry/0x0000000000000006.xml
14:49:04 [6332]	/industry/0x0000000000000007.xml
14:49:04 [6332]	/industry/0x0000000000000008.xml
14:49:04 [6332]	/industry/0x0000000000000009.xml
14:49:04 [6332]	/industry/0x000000000000000A.xml
14:49:04 [6332]	/industry/0x000000000000000B.xml
14:49:04 [6332]	/industry/0x000000000000000C.xml
14:49:04 [6332]	/industry/0x000000000000000D.xml
14:49:04 [6332]	/industry/0x000000000000000E.xml
14:49:04 [6332]	/industry/0x000000000000000F.xml
14:49:04 [6332]	/industry/0x0000000000000010.xml
14:49:04 [6332]	/industry/0x0000000000000011.xml
14:49:04 [6332]	/industry/0x0000000000000012.xml
14:49:04 [6332]	/industry/0x0000000000000013.xml
14:49:04 [6332]	/industry/0x0000000000000014.xml
14:49:04 [6332]	/industry/0x0000000000000015.xml
14:49:04 [6332]	/industry/0x0000000000000016.xml
14:49:04 [6332]	/org_size/0x000000000000000A.xml
14:49:04 [6332]	/org_size/0x0000000000000064.xml
14:49:04 [6332]	/org_size/0x00000000000003E8.xml
14:49:04 [6332]	/org_size/0x0000000000002710.xml
14:49:04 [6332]	/org_type/agency.xml
14:49:04 [6332]	/org_type/mass_media.xml
14:49:04 [6332]	/org_type/src_competitor.xml
14:49:04 [6332]	/person_role/accountant.xml
14:49:04 [6332]	/person_role/ceo.xml
14:49:04 [6332]	/person_role/consumer.xml
14:49:04 [6332]	/person_role/dh.xml
14:49:04 [6332]	/person_role/it.xml
14:49:04 [6332]	/person_role/legal.xml
14:49:04 [6332]	/country/ABW.xml
14:49:04 [6332]	/country/AFG.xml
14:49:04 [6332]	/country/AGO.xml
14:49:04 [6332]	/country/AIA.xml
14:49:04 [6332]	/country/ALA.xml
14:49:04 [6332]	/country/ALB.xml
14:49:04 [6332]	/country/AND.xml
14:49:04 [6332]	/country/ARE.xml
14:49:04 [6332]	/country/ARG.xml
14:49:04 [6332]	/country/ARM.xml
14:49:04 [6332]	/country/ASM.xml
14:49:04 [6332]	/country/ATA.xml
14:49:04 [6332]	/country/ATF.xml
14:49:04 [6332]	/country/ATG.xml
14:49:04 [6332]	/country/AUS.xml
14:49:04 [6332]	/country/AUT.xml
14:49:04 [6332]	/country/AZE.xml
14:49:04 [6332]	/country/BDI.xml
14:49:04 [6332]	/country/BEL.xml
14:49:04 [6332]	/country/BEN.xml
14:49:04 [6332]	/country/BFA.xml
14:49:04 [6332]	/country/BGD.xml
14:49:04 [6332]	/country/BGR.xml
14:49:04 [6332]	/country/BHR.xml
14:49:04 [6332]	/country/BHS.xml
14:49:04 [6332]	/country/BIH.xml
14:49:04 [6332]	/country/BLM.xml
14:49:04 [6332]	/country/BLR.xml
14:49:04 [6332]	/country/BLZ.xml
14:49:04 [6332]	/country/BMU.xml
14:49:04 [6332]	/country/BOL.xml
14:49:04 [6332]	/country/BRA.xml
14:49:04 [6332]	/country/BRB.xml
14:49:04 [6332]	/country/BRN.xml
14:49:04 [6332]	/country/BTN.xml
14:49:04 [6332]	/country/BVT.xml
14:49:04 [6332]	/country/BWA.xml
14:49:04 [6332]	/country/CAF.xml
14:49:04 [6332]	/country/CAN.xml
14:49:04 [6332]	/country/CCK.xml
14:49:04 [6332]	/country/CHE.xml
14:49:04 [6332]	/country/CHL.xml
14:49:04 [6332]	/country/CHN.xml
14:49:04 [6332]	/country/CIV.xml
14:49:04 [6332]	/country/CMR.xml
14:49:04 [6332]	/country/COD.xml
14:49:04 [6332]	/country/COG.xml
14:49:04 [6332]	/country/COK.xml
14:49:04 [6332]	/country/COL.xml
14:49:04 [6332]	/country/COM.xml
14:49:04 [6332]	/country/CPV.xml
14:49:04 [6332]	/country/CRI.xml
14:49:04 [6332]	/country/CUB.xml
14:49:04 [6332]	/country/CUW.xml
14:49:04 [6332]	/country/CXR.xml
14:49:04 [6332]	/country/CYM.xml
14:49:04 [6332]	/country/CYP.xml
14:49:04 [6332]	/country/CZE.xml
14:49:04 [6332]	/country/DEU.xml
14:49:04 [6332]	/country/DJI.xml
14:49:04 [6332]	/country/DMA.xml
14:49:04 [6332]	/country/DNK.xml
14:49:04 [6332]	/country/DOM.xml
14:49:04 [6332]	/country/DZA.xml
14:49:04 [6332]	/country/ECU.xml
14:49:04 [6332]	/country/EGY.xml
14:49:04 [6332]	/country/ERI.xml
14:49:04 [6332]	/country/ESH.xml
14:49:04 [6332]	/country/ESP.xml
14:49:04 [6332]	/country/EST.xml
14:49:04 [6332]	/country/ETH.xml
14:49:04 [6332]	/country/FIN.xml
14:49:04 [6332]	/country/FJI.xml
14:49:04 [6332]	/country/FLK.xml
14:49:04 [6332]	/country/FRA.xml
14:49:04 [6332]	/country/FRO.xml
14:49:04 [6332]	/country/FSM.xml
14:49:04 [6332]	/country/GAB.xml
14:49:04 [6332]	/country/GBR.xml
14:49:04 [6332]	/country/GEO.xml
14:49:04 [6332]	/country/GGY.xml
14:49:04 [6332]	/country/GHA.xml
14:49:04 [6332]	/country/GIB.xml
14:49:04 [6332]	/country/GIN.xml
14:49:04 [6332]	/country/GLP.xml
14:49:04 [6332]	/country/GMB.xml
14:49:04 [6332]	/country/GNB.xml
14:49:04 [6332]	/country/GNQ.xml
14:49:04 [6332]	/country/GRC.xml
14:49:04 [6332]	/country/GRD.xml
14:49:04 [6332]	/country/GRL.xml
14:49:04 [6332]	/country/GTM.xml
14:49:04 [6332]	/country/GUF.xml
14:49:04 [6332]	/country/GUM.xml
14:49:04 [6332]	/country/GUY.xml
14:49:04 [6332]	/country/HKG.xml
14:49:04 [6332]	/country/HMD.xml
14:49:04 [6332]	/country/HND.xml
14:49:04 [6332]	/country/HRV.xml
14:49:04 [6332]	/country/HTI.xml
14:49:04 [6332]	/country/HUN.xml
14:49:04 [6332]	/country/IDN.xml
14:49:04 [6332]	/country/IMN.xml
14:49:04 [6332]	/country/IND.xml
14:49:04 [6332]	/country/IOT.xml
14:49:04 [6332]	/country/IRL.xml
14:49:04 [6332]	/country/IRN.xml
14:49:04 [6332]	/country/IRQ.xml
14:49:04 [6332]	/country/ISL.xml
14:49:04 [6332]	/country/ISR.xml
14:49:04 [6332]	/country/ITA.xml
14:49:04 [6332]	/country/JAM.xml
14:49:04 [6332]	/country/JEY.xml
14:49:04 [6332]	/country/JOR.xml
14:49:04 [6332]	/country/JPN.xml
14:49:04 [6332]	/country/KAZ.xml
14:49:04 [6332]	/country/KEN.xml
14:49:04 [6332]	/country/KGZ.xml
14:49:04 [6332]	/country/KHM.xml
14:49:04 [6332]	/country/KIR.xml
14:49:04 [6332]	/country/KNA.xml
14:49:04 [6332]	/country/KOR.xml
14:49:04 [6332]	/country/KOS.xml
14:49:04 [6332]	/country/KWT.xml
14:49:04 [6332]	/country/LAO.xml
14:49:04 [6332]	/country/LBN.xml
14:49:04 [6332]	/country/LBR.xml
14:49:04 [6332]	/country/LBY.xml
14:49:04 [6332]	/country/LCA.xml
14:49:04 [6332]	/country/LIE.xml
14:49:04 [6332]	/country/LKA.xml
14:49:04 [6332]	/country/LSO.xml
14:49:04 [6332]	/country/LTU.xml
14:49:04 [6332]	/country/LUX.xml
14:49:04 [6332]	/country/LVA.xml
14:49:04 [6332]	/country/MAC.xml
14:49:04 [6332]	/country/MAF.xml
14:49:04 [6332]	/country/MAR.xml
14:49:04 [6332]	/country/MCO.xml
14:49:04 [6332]	/country/MDA.xml
14:49:04 [6332]	/country/MDG.xml
14:49:04 [6332]	/country/MDV.xml
14:49:04 [6332]	/country/MEX.xml
14:49:04 [6332]	/country/MHL.xml
14:49:04 [6332]	/country/MKD.xml
14:49:04 [6332]	/country/MLI.xml
14:49:04 [6332]	/country/MLT.xml
14:49:04 [6332]	/country/MMR.xml
14:49:04 [6332]	/country/MNE.xml
14:49:04 [6332]	/country/MNG.xml
14:49:04 [6332]	/country/MNP.xml
14:49:04 [6332]	/country/MOZ.xml
14:49:04 [6332]	/country/MRT.xml
14:49:04 [6332]	/country/MSR.xml
14:49:04 [6332]	/country/MTQ.xml
14:49:04 [6332]	/country/MUS.xml
14:49:04 [6332]	/country/MWI.xml
14:49:04 [6332]	/country/MYS.xml
14:49:04 [6332]	/country/MYT.xml
14:49:04 [6332]	/country/NAM.xml
14:49:04 [6332]	/country/NCL.xml
14:49:04 [6332]	/country/NER.xml
14:49:04 [6332]	/country/NFK.xml
14:49:04 [6332]	/country/NGA.xml
14:49:04 [6332]	/country/NIC.xml
14:49:04 [6332]	/country/NIU.xml
14:49:04 [6332]	/country/NLD.xml
14:49:04 [6332]	/country/NOR.xml
14:49:04 [6332]	/country/NPL.xml
14:49:04 [6332]	/country/NRU.xml
14:49:04 [6332]	/country/NZL.xml
14:49:04 [6332]	/country/OMN.xml
14:49:04 [6332]	/country/PAK.xml
14:49:04 [6332]	/country/PAN.xml
14:49:04 [6332]	/country/PCN.xml
14:49:04 [6332]	/country/PER.xml
14:49:04 [6332]	/country/PHL.xml
14:49:04 [6332]	/country/PLW.xml
14:49:04 [6332]	/country/PNG.xml
14:49:04 [6332]	/country/POL.xml
14:49:04 [6332]	/country/PRI.xml
14:49:04 [6332]	/country/PRK.xml
14:49:04 [6332]	/country/PRT.xml
14:49:04 [6332]	/country/PRY.xml
14:49:04 [6332]	/country/PSE.xml
14:49:04 [6332]	/country/PYF.xml
14:49:04 [6332]	/country/QAT.xml
14:49:04 [6332]	/country/REU.xml
14:49:04 [6332]	/country/ROU.xml
14:49:04 [6332]	/country/RUS.xml
14:49:04 [6332]	/country/RWA.xml
14:49:04 [6332]	/country/SAU.xml
14:49:04 [6332]	/country/SDN.xml
14:49:04 [6332]	/country/SEN.xml
14:49:04 [6332]	/country/SGP.xml
14:49:04 [6332]	/country/SGS.xml
14:49:04 [6332]	/country/SJM.xml
14:49:04 [6332]	/country/SLB.xml
14:49:04 [6332]	/country/SLE.xml
14:49:04 [6332]	/country/SLV.xml
14:49:04 [6332]	/country/SMR.xml
14:49:04 [6332]	/country/SOM.xml
14:49:04 [6332]	/country/SPM.xml
14:49:04 [6332]	/country/SRB.xml
14:49:04 [6332]	/country/SSD.xml
14:49:04 [6332]	/country/STP.xml
14:49:04 [6332]	/country/SUR.xml
14:49:04 [6332]	/country/SVK.xml
14:49:04 [6332]	/country/SVN.xml
14:49:04 [6332]	/country/SWE.xml
14:49:04 [6332]	/country/SWZ.xml
14:49:04 [6332]	/country/SXM.xml
14:49:04 [6332]	/country/SYC.xml
14:49:04 [6332]	/country/SYR.xml
14:49:04 [6332]	/country/TCA.xml
14:49:04 [6332]	/country/TCD.xml
14:49:04 [6332]	/country/TGO.xml
14:49:04 [6332]	/country/THA.xml
14:49:04 [6332]	/country/TJK.xml
14:49:04 [6332]	/country/TKL.xml
14:49:04 [6332]	/country/TKM.xml
14:49:04 [6332]	/country/TLS.xml
14:49:04 [6332]	/country/TON.xml
14:49:04 [6332]	/country/TTO.xml
14:49:04 [6332]	/country/TUN.xml
14:49:04 [6332]	/country/TUR.xml
14:49:04 [6332]	/country/TUV.xml
14:49:04 [6332]	/country/TWN.xml
14:49:04 [6332]	/country/TZA.xml
14:49:04 [6332]	/country/UGA.xml
14:49:04 [6332]	/country/UKR.xml
14:49:04 [6332]	/country/UMI.xml
14:49:04 [6332]	/country/URY.xml
14:49:04 [6332]	/country/USA.xml
14:49:04 [6332]	/country/UZB.xml
14:49:04 [6332]	/country/VAT.xml
14:49:04 [6332]	/country/VCT.xml
14:49:04 [6332]	/country/VEN.xml
14:49:04 [6332]	/country/VGB.xml
14:49:04 [6332]	/country/VIR.xml
14:49:04 [6332]	/country/VNM.xml
14:49:04 [6332]	/country/VUT.xml
14:49:04 [6332]	/country/WLF.xml
14:49:04 [6332]	/country/WSM.xml
14:49:04 [6332]	/country/YEM.xml
14:49:04 [6332]	/country/ZAF.xml
14:49:04 [6332]	/country/ZMB.xml
14:49:04 [6332]	/country/ZWE.xml
14:49:04 [6332]	/event_type/blacklist.xml
14:49:04 [6332]	/event_type/candidate_form_request.xml
14:49:04 [6332]	/event_type/candidate_letter.xml
14:49:04 [6332]	/event_type/candidate_phone_call.xml
14:49:04 [6332]	/event_type/candidate_select.xml
14:49:04 [6332]	/event_type/card_update.xml
14:49:04 [6332]	/event_type/client_letter.xml
14:49:04 [6332]	/event_type/dismiss.xml
14:49:04 [6332]	/event_type/found_with_ras.xml
14:49:04 [6332]	/event_type/group_interview.xml
14:49:04 [6332]	/event_type/group_interview_reg.xml
14:49:04 [6332]	/event_type/group_interview_result.xml
14:49:04 [6332]	/event_type/group_training.xml
14:49:04 [6332]	/event_type/hire.xml
14:49:04 [6332]	/event_type/hire_paperwork.xml
14:49:04 [6332]	/event_type/interview.xml
14:49:04 [6332]	/event_type/invitation.xml
14:49:04 [6332]	/event_type/job_offer.xml
14:49:04 [6332]	/event_type/meeting.xml
14:49:04 [6332]	/event_type/note.xml
14:49:04 [6332]	/event_type/office_meeting.xml
14:49:04 [6332]	/event_type/online_interview.xml
14:49:04 [6332]	/event_type/phone_interview.xml
14:49:04 [6332]	/event_type/probation_assessment.xml
14:49:04 [6332]	/event_type/reject.xml
14:49:04 [6332]	/event_type/reserve.xml
14:49:04 [6332]	/event_type/rr_approve.xml
14:49:04 [6332]	/event_type/rr_interview.xml
14:49:04 [6332]	/event_type/rr_interview2.xml
14:49:04 [6332]	/event_type/rr_poll.xml
14:49:04 [6332]	/event_type/rr_reject.xml
14:49:04 [6332]	/event_type/rr_resume_review.xml
14:49:04 [6332]	/event_type/security_check.xml
14:49:04 [6332]	/event_type/self_reject.xml
14:49:04 [6332]	/event_type/testing.xml
14:49:04 [6332]	/event_type/training.xml
14:49:04 [6332]	/event_type/vacancy_cancel.xml
14:49:04 [6332]	/event_type/vacancy_close.xml
14:49:04 [6332]	/event_type/vacancy_response.xml
14:49:04 [6332]	/event_type/video_interview_poll.xml
14:49:05 [6332]	/payment_state/not_paid.xml
14:49:05 [6332]	/payment_state/on_agreement.xml
14:49:05 [6332]	/payment_state/paid.xml
14:49:05 [6332]	/task_state/assigned.xml
14:49:05 [6332]	/task_state/cancelled.xml
14:49:05 [6332]	/task_state/failed.xml
14:49:05 [6332]	/task_state/scheduled.xml
14:49:05 [6332]	/task_state/started.xml
14:49:05 [6332]	/task_state/succeeded.xml
14:49:05 [6332]	/task_state/tentative.xml
14:49:05 [6332]	/task_priority/0x0000000000000001.xml
14:49:05 [6332]	/task_priority/0x0000000000000002.xml
14:49:05 [6332]	/task_priority/0x0000000000000003.xml
14:49:05 [6332]	/workflow_document_type/vacancy_request.xml
14:49:05 [6332]	/workflow_document_state/active.xml
14:49:05 [6332]	/workflow_document_state/cancelled.xml
14:49:05 [6332]	/workflow_document_state/draft.xml
14:49:05 [6332]	/workflow_document_state/finished.xml
14:49:05 [6332]	/workflow_document_state/rejected.xml
14:49:05 [6332]	/workflow_document_state/returned.xml
14:49:05 [6332]	/access_role/basic.xml
14:49:05 [6332]	/access_role/full.xml
14:49:05 [6332]	/contact_type/email.xml
14:49:05 [6332]	/contact_type/phone.xml
14:49:05 [6332]	/contact_type/skype.xml
14:49:05 [6332]	/division_type/department.xml
14:49:05 [6332]	/division_type/sector.xml
14:49:05 [6332]	/division_type/shop.xml
14:49:05 [6332]	/division_type/sub_department.xml
14:49:05 [6332]	/division_type/unit.xml
14:49:05 [6332]	/position_type/0x00000000000003E9.xml
14:49:05 [6332]	/position_type/0x00000000000003EA.xml
14:49:05 [6332]	/position_type/0x00000000000003EB.xml
14:49:05 [6332]	/position_type/0x00000000000003EC.xml
14:49:05 [6332]	/position_type/0x00000000000003ED.xml
14:49:05 [6332]	/position_level/a.xml
14:49:05 [6332]	/position_level/m.xml
14:49:05 [6332]	/position_level/m2.xml
14:49:05 [6332]	/position_level/t.xml
14:49:05 [6332]	/staff_category/0x0000000000000000.xml
14:49:05 [6332]	/staff_category/0x0000000000000001.xml
14:49:05 [6332]	/staff_category/0x0000000000000002.xml
14:49:05 [6332]	/staff_category/0x0000000000000003.xml
14:49:05 [6332]	/staff_category/0x0000000000000004.xml
14:49:05 [6332]	/staff_category/0x0000000000000005.xml
14:49:05 [6332]	/staff_category/0x0000000000000006.xml
14:49:05 [6332]	/staff_category/0x0000000000000007.xml
14:49:05 [6332]	/staff_category/0x0000000000000008.xml
14:49:05 [6332]	/profession/0x0000000000000002.xml
14:49:05 [6332]	/profession/0x0000000000000003.xml
14:49:05 [6332]	/profession/0x0000000000000004.xml
14:49:05 [6332]	/profession/0x0000000000000005.xml
14:49:05 [6332]	/profession/0x0000000000000006.xml
14:49:05 [6332]	/profession/0x0000000000000007.xml
14:49:05 [6332]	/profession/0x0000000000000008.xml
14:49:05 [6332]	/profession/0x000000000000000B.xml
14:49:05 [6332]	/profession/0x000000000000000C.xml
14:49:05 [6332]	/profession/0x000000000000000D.xml
14:49:05 [6332]	/profession/0x000000000000000E.xml
14:49:05 [6332]	/profession/0x000000000000000F.xml
14:49:05 [6332]	/profession/0x0000000000000010.xml
14:49:05 [6332]	/profession/0x0000000000000011.xml
14:49:05 [6332]	/profession/0x0000000000000012.xml
14:49:05 [6332]	/profession/0x0000000000000013.xml
14:49:05 [6332]	/profession/0x0000000000000015.xml
14:49:05 [6332]	/profession/0x0000000000000016.xml
14:49:05 [6332]	/profession/0x0000000000000017.xml
14:49:05 [6332]	/profession/0x0000000000000018.xml
14:49:05 [6332]	/profession/0x0000000000000019.xml
14:49:05 [6332]	/profession/0x000000000000001A.xml
14:49:05 [6332]	/profession/0x000000000000001B.xml
14:49:05 [6332]	/profession/0x000000000000001E.xml
14:49:05 [6332]	/profession/0x000000000000001F.xml
14:49:05 [6332]	/profession/0x0000000000000020.xml
14:49:05 [6332]	/profession/0x0000000000000021.xml
14:49:05 [6332]	/profession/0x0000000000000022.xml
14:49:05 [6332]	/profession/0x0000000000000023.xml
14:49:05 [6332]	/profession/0x0000000000000024.xml
14:49:05 [6332]	/profession/0x0000000000000028.xml
14:49:05 [6332]	/profession/0x0000000000000029.xml
14:49:05 [6332]	/profession/0x000000000000002A.xml
14:49:05 [6332]	/profession/0x000000000000002B.xml
14:49:05 [6332]	/profession/0x000000000000002C.xml
14:49:05 [6332]	/profession/0x000000000000002E.xml
14:49:05 [6332]	/profession/0x000000000000002F.xml
14:49:05 [6332]	/profession/0x0000000000000030.xml
14:49:05 [6332]	/profession/0x0000000000000033.xml
14:49:05 [6332]	/profession/0x0000000000000034.xml
14:49:05 [6332]	/profession/0x0000000000000035.xml
14:49:05 [6332]	/profession/0x0000000000000036.xml
14:49:05 [6332]	/profession/0x0000000000000037.xml
14:49:05 [6332]	/profession/0x0000000000000038.xml
14:49:05 [6332]	/profession/0x0000000000000039.xml
14:49:05 [6332]	/profession/0x000000000000003C.xml
14:49:05 [6332]	/profession/0x000000000000003D.xml
14:49:06 [6332]	/profession/0x000000000000003E.xml
14:49:06 [6332]	/profession/0x000000000000003F.xml
14:49:06 [6332]	/profession/0x0000000000000042.xml
14:49:06 [6332]	/profession/0x0000000000000043.xml
14:49:06 [6332]	/profession/0x0000000000000044.xml
14:49:06 [6332]	/profession/0x0000000000000045.xml
14:49:06 [6332]	/profession/0x0000000000000046.xml
14:49:06 [6332]	/profession/0x0000000000000047.xml
14:49:06 [6332]	/profession/0x0000000000000048.xml
14:49:06 [6332]	/profession/0x0000000000000049.xml
14:49:06 [6332]	/profession/0x000000000000004A.xml
14:49:06 [6332]	/profession/0x000000000000004D.xml
14:49:06 [6332]	/profession/0x000000000000004E.xml
14:49:06 [6332]	/profession/0x000000000000004F.xml
14:49:06 [6332]	/profession/0x0000000000000050.xml
14:49:06 [6332]	/profession/0x0000000000000051.xml
14:49:06 [6332]	/profession/0x0000000000000052.xml
14:49:06 [6332]	/profession/0x0000000000000053.xml
14:49:06 [6332]	/profession/0x0000000000000054.xml
14:49:06 [6332]	/profession/0x0000000000000055.xml
14:49:06 [6332]	/profession/0x0000000000000056.xml
14:49:06 [6332]	/profession/0x0000000000000059.xml
14:49:06 [6332]	/profession/0x000000000000005A.xml
14:49:06 [6332]	/profession/0x000000000000005B.xml
14:49:06 [6332]	/profession/0x000000000000005C.xml
14:49:06 [6332]	/profession/0x000000000000005D.xml
14:49:06 [6332]	/profession/0x000000000000005E.xml
14:49:06 [6332]	/profession/0x0000000000000061.xml
14:49:06 [6332]	/profession/0x0000000000000062.xml
14:49:06 [6332]	/profession/0x0000000000000063.xml
14:49:06 [6332]	/profession/0x0000000000000064.xml
14:49:06 [6332]	/profession/0x0000000000000065.xml
14:49:06 [6332]	/profession/0x0000000000000066.xml
14:49:06 [6332]	/profession/0x0000000000000069.xml
14:49:06 [6332]	/profession/0x000000000000006A.xml
14:49:06 [6332]	/profession/0x000000000000006B.xml
14:49:06 [6332]	/profession/0x000000000000006C.xml
14:49:06 [6332]	/profession/0x000000000000006D.xml
14:49:06 [6332]	/profession/0x000000000000006E.xml
14:49:06 [6332]	/profession/0x0000000000000071.xml
14:49:06 [6332]	/profession/0x0000000000000072.xml
14:49:06 [6332]	/profession/0x0000000000000073.xml
14:49:06 [6332]	/profession/0x0000000000000074.xml
14:49:06 [6332]	/profession/0x0000000000000076.xml
14:49:06 [6332]	/profession/0x0000000000000077.xml
14:49:06 [6332]	/profession/0x0000000000000078.xml
14:49:06 [6332]	/profession/0x0000000000000079.xml
14:49:06 [6332]	/profession/0x000000000000007A.xml
14:49:06 [6332]	/profession/0x000000000000007B.xml
14:49:06 [6332]	/profession/0x000000000000007C.xml
14:49:06 [6332]	/profession/0x000000000000007D.xml
14:49:06 [6332]	/profession/0x0000000000000080.xml
14:49:06 [6332]	/profession/0x0000000000000081.xml
14:49:06 [6332]	/profession/0x0000000000000082.xml
14:49:06 [6332]	/profession/0x0000000000000083.xml
14:49:06 [6332]	/profession/0x0000000000000084.xml
14:49:06 [6332]	/profession/0x0000000000000085.xml
14:49:06 [6332]	/profession/0x0000000000000086.xml
14:49:06 [6332]	/profession/0x0000000000000087.xml
14:49:06 [6332]	/profession/0x0000000000000088.xml
14:49:06 [6332]	/profession/0x00000000000000C9.xml
14:49:06 [6332]	/profession/0x00000000000000CA.xml
14:49:06 [6332]	/profession/0x00000000000000CB.xml
14:49:06 [6332]	/profession/0x00000000000000CC.xml
14:49:06 [6332]	/profession/0x00000000000000CD.xml
14:49:06 [6332]	/profession/0x00000000000000CE.xml
14:49:06 [6332]	/profession/0x00000000000000CF.xml
14:49:06 [6332]	/profession/0x00000000000000D0.xml
14:49:06 [6332]	/profession/0x00000000000000D1.xml
14:49:06 [6332]	/profession/0x00000000000000D2.xml
14:49:06 [6332]	/profession/0x00000000000000D3.xml
14:49:06 [6332]	/profession/0x00000000000000D4.xml
14:49:06 [6332]	/profession/0x00000000000000D5.xml
14:49:06 [6332]	/profession/0x00000000000000D6.xml
14:49:06 [6332]	/profession/0x00000000000000D7.xml
14:49:06 [6332]	/profession/0x00000000000000D8.xml
14:49:06 [6332]	/profession/0x00000000000000D9.xml
14:49:06 [6332]	/profession/0x00000000000000DA.xml
14:49:06 [6332]	/profession/0x00000000000000DC.xml
14:49:06 [6332]	/profession/0x00000000000000DD.xml
14:49:06 [6332]	/profession/0x00000000000000DF.xml
14:49:06 [6332]	/profession/0x00000000000000E0.xml
14:49:06 [6332]	/profession/0x00000000000000E6.xml
14:49:06 [6332]	/profession/0x00000000000000EE.xml
14:49:06 [6332]	/profession/0x00000000000000EF.xml
14:49:06 [6332]	/profession/0x00000000000000F0.xml
14:49:06 [6332]	/profession/0x00000000000000F9.xml
14:49:06 [6332]	/profession/0x00000000000000FA.xml
14:49:06 [6332]	/profession/0x0000000000000190.xml
14:49:06 [6332]	/profession/0x000000000000019B.xml
14:49:06 [6332]	/profession/0x000000000000019C.xml
14:49:06 [6332]	/profession/0x000000000000019D.xml
14:49:06 [6332]	/profession/0x000000000000019E.xml
14:49:06 [6332]	/profession/0x000000000000019F.xml
14:49:06 [6332]	/profession/0x00000000000001A0.xml
14:49:06 [6332]	/skill_type/arabian.xml
14:49:06 [6332]	/skill_type/belarusian.xml
14:49:06 [6332]	/skill_type/chinese.xml
14:49:06 [6332]	/skill_type/czech.xml
14:49:06 [6332]	/skill_type/danish.xml
14:49:06 [6332]	/skill_type/dutch.xml
14:49:06 [6332]	/skill_type/english.xml
14:49:06 [6332]	/skill_type/farsi.xml
14:49:06 [6332]	/skill_type/finnish.xml
14:49:06 [6332]	/skill_type/french.xml
14:49:06 [6332]	/skill_type/german.xml
14:49:06 [6332]	/skill_type/greek.xml
14:49:06 [6332]	/skill_type/hebrew.xml
14:49:06 [6332]	/skill_type/hungarian.xml
14:49:06 [6332]	/skill_type/italian.xml
14:49:06 [6332]	/skill_type/japanese.xml
14:49:06 [6332]	/skill_type/korean.xml
14:49:06 [6332]	/skill_type/language.xml
14:49:06 [6332]	/skill_type/latin.xml
14:49:06 [6332]	/skill_type/other.xml
14:49:06 [6332]	/skill_type/polish.xml
14:49:06 [6332]	/skill_type/portuguese.xml
14:49:06 [6332]	/skill_type/romanian.xml
14:49:06 [6332]	/skill_type/spanish.xml
14:49:06 [6332]	/skill_type/swedish.xml
14:49:06 [6332]	/skill_type/turkish.xml
14:49:06 [6332]	/skill_type/ukrainian.xml
14:49:06 [6332]	/employee_state/absent.xml
14:49:06 [6332]	/employee_state/business_trip.xml
14:49:06 [6332]	/employee_state/dismissed.xml
14:49:06 [6332]	/employee_state/parental_leave.xml
14:49:06 [6332]	/employee_state/sick_leave.xml
14:49:06 [6332]	/employee_state/vacation.xml
14:49:06 [6332]	/person_struct_role_type/deputy_division_head.xml
14:49:06 [6332]	/person_struct_role_type/division_head.xml
14:49:06 [6332]	/person_struct_role_type/hr.xml
14:49:06 [6332]	/person_struct_role_type/recruit_admin.xml
14:49:06 [6332]	/person_struct_role_type/security_officer.xml
14:49:06 [6332]	/testing_system/talentq.xml
14:49:06 [6332]	/testing_system/webtutor.xml
14:49:06 [6332]	/recruit_type/headhunting.xml
14:49:06 [6332]	/recruit_type/recrutment.xml
14:49:06 [6332]	/recruit_type/selection.xml
14:49:06 [6332]	/vacancy_reason/dismissal.xml
14:49:06 [6332]	/vacancy_reason/move.xml
14:49:06 [6332]	/vacancy_reason/new.xml
14:49:06 [6332]	/vacancy_reason/parental_leave.xml
14:49:06 [6332]	/vacancy_reason/replace.xml
14:49:06 [6332]	/vacancy_reason/temp.xml
14:49:06 [6332]	/vacancy_difficulty_level/0x0000000000000001.xml
14:49:06 [6332]	/vacancy_difficulty_level/0x0000000000000002.xml
14:49:06 [6332]	/vacancy_difficulty_level/0x0000000000000003.xml
14:49:06 [6332]	/vacancy_difficulty_level/0x0000000000000004.xml
14:49:06 [6332]	/vacancy_priority/0x0000000000000001.xml
14:49:06 [6332]	/vacancy_priority/0x0000000000000002.xml
14:49:06 [6332]	/vacancy_priority/0x0000000000000003.xml
14:49:06 [6332]	/vacancy_state/vacancy_cancelled.xml
14:49:06 [6332]	/vacancy_state/vacancy_closed.xml
14:49:06 [6332]	/vacancy_state/vacancy_closed_by_rr.xml
14:49:06 [6332]	/vacancy_state/vacancy_opened.xml
14:49:06 [6332]	/vacancy_state/vacancy_reopened.xml
14:49:06 [6332]	/vacancy_state/vacancy_submitted.xml
14:49:06 [6332]	/vacancy_state/vacancy_suspended.xml
14:49:06 [6332]	/vacancy_state/vacancy_wating_for_free_recruiter.xml
14:49:07 [6332]	/vacancy_recruit_phase/recruit_phase_client_interview.xml
14:49:07 [6332]	/vacancy_recruit_phase/recruit_phase_final.xml
14:49:07 [6332]	/vacancy_recruit_phase/recruit_phase_init.xml
14:49:07 [6332]	/vacancy_recruit_phase/recruit_phase_interview.xml
14:49:07 [6332]	/vacancy_term_adjustment_reason/client_review_extended.xml
14:49:07 [6332]	/vacancy_term_adjustment_reason/job_conditions_changed.xml
14:49:07 [6332]	/vacancy_term_adjustment_reason/not_came_to_work.xml
14:49:07 [6332]	/vacancy_term_adjustment_reason/other.xml
14:49:07 [6332]	/vacancy_term_adjustment_reason/prev_dismissal_extended.xml
14:49:07 [6332]	/vacancy_term_adjustment_reason/security_check_extended.xml
14:49:07 [6332]	/vacancy_term_adjustment_reason/security_check_failed.xml
14:49:07 [6332]	/vacancy_term_adjustment_reason/self_reject_after_offer.xml
14:49:07 [6332]	/candidate_entrance_type/active_search.xml
14:49:07 [6332]	/candidate_entrance_type/vacancy_response.xml
14:49:07 [6332]	/candidate_source/agency.xml
14:49:07 [6332]	/candidate_source/emp_ref.xml
14:49:07 [6332]	/candidate_source/hh.ru.xml
14:49:07 [6332]	/candidate_source/job.ru.xml
14:49:07 [6332]	/candidate_source/rabota.ru.xml
14:49:07 [6332]	/candidate_source/ref.xml
14:49:07 [6332]	/candidate_source/site.xml
14:49:07 [6332]	/candidate_source/superjob.ru.xml
14:49:07 [6332]	/candidate_source/zarplata.ru.xml
14:49:07 [6332]	/candidate_state/blacklist.xml
14:49:07 [6332]	/candidate_state/candidate_phone_call.xml
14:49:07 [6332]	/candidate_state/candidate_phone_call:alt_email_sent.xml
14:49:07 [6332]	/candidate_state/candidate_phone_call:call_failed.xml
14:49:07 [6332]	/candidate_state/candidate_phone_call:call_later.xml
14:49:07 [6332]	/candidate_state/candidate_phone_call:failed.xml
14:49:07 [6332]	/candidate_state/candidate_phone_call:peer_undecided.xml
14:49:07 [6332]	/candidate_state/candidate_phone_call:withdrawn.xml
14:49:07 [6332]	/candidate_state/dismiss.xml
14:49:07 [6332]	/candidate_state/found_with_ras.xml
14:49:07 [6332]	/candidate_state/group_interview_reg.xml
14:49:07 [6332]	/candidate_state/group_interview_reg:cancelled.xml
14:49:07 [6332]	/candidate_state/group_interview_result:failed.xml
14:49:07 [6332]	/candidate_state/group_interview_result:not_attended.xml
14:49:07 [6332]	/candidate_state/group_interview_result:succeeded.xml
14:49:07 [6332]	/candidate_state/group_interview_result:withdrawn.xml
14:49:07 [6332]	/candidate_state/hire.xml
14:49:07 [6332]	/candidate_state/hire_paperwork.xml
14:49:07 [6332]	/candidate_state/interview.xml
14:49:07 [6332]	/candidate_state/interview:cancelled.xml
14:49:07 [6332]	/candidate_state/interview:failed.xml
14:49:07 [6332]	/candidate_state/interview:peer_undecided.xml
14:49:07 [6332]	/candidate_state/interview:reserve.xml
14:49:07 [6332]	/candidate_state/interview:scheduled.xml
14:49:07 [6332]	/candidate_state/interview:succeeded.xml
14:49:07 [6332]	/candidate_state/interview:withdrawn.xml
14:49:07 [6332]	/candidate_state/invitation.xml
14:49:07 [6332]	/candidate_state/job_offer.xml
14:49:07 [6332]	/candidate_state/job_offer:failed.xml
14:49:07 [6332]	/candidate_state/job_offer:succeeded.xml
14:49:07 [6332]	/candidate_state/job_offer:suspended.xml
14:49:07 [6332]	/candidate_state/new.xml
14:49:07 [6332]	/candidate_state/phone_interview.xml
14:49:07 [6332]	/candidate_state/phone_interview:cancelled.xml
14:49:07 [6332]	/candidate_state/phone_interview:failed.xml
14:49:07 [6332]	/candidate_state/phone_interview:peer_undecided.xml
14:49:07 [6332]	/candidate_state/phone_interview:reserve.xml
14:49:07 [6332]	/candidate_state/phone_interview:scheduled.xml
14:49:07 [6332]	/candidate_state/phone_interview:succeeded.xml
14:49:07 [6332]	/candidate_state/phone_interview:withdrawn.xml
14:49:07 [6332]	/candidate_state/reject.xml
14:49:07 [6332]	/candidate_state/reserve.xml
14:49:07 [6332]	/candidate_state/rr_interview.xml
14:49:07 [6332]	/candidate_state/rr_interview:cancelled.xml
14:49:07 [6332]	/candidate_state/rr_interview:failed.xml
14:49:07 [6332]	/candidate_state/rr_interview:reserve.xml
14:49:07 [6332]	/candidate_state/rr_interview:scheduled.xml
14:49:07 [6332]	/candidate_state/rr_interview:succeeded.xml
14:49:07 [6332]	/candidate_state/rr_interview:withdrawn.xml
14:49:07 [6332]	/candidate_state/rr_reject.xml
14:49:07 [6332]	/candidate_state/rr_resume_review.xml
14:49:07 [6332]	/candidate_state/rr_resume_review:failed.xml
14:49:07 [6332]	/candidate_state/rr_resume_review:reserve.xml
14:49:07 [6332]	/candidate_state/rr_resume_review:succeeded.xml
14:49:07 [6332]	/candidate_state/security_check.xml
14:49:07 [6332]	/candidate_state/security_check:failed.xml
14:49:07 [6332]	/candidate_state/security_check:succeeded.xml
14:49:07 [6332]	/candidate_state/self_reject.xml
14:49:07 [6332]	/candidate_state/testing.xml
14:49:07 [6332]	/candidate_state/testing:failed.xml
14:49:07 [6332]	/candidate_state/testing:succeeded.xml
14:49:07 [6332]	/candidate_state/training.xml
14:49:07 [6332]	/candidate_state/training:failed.xml
14:49:07 [6332]	/candidate_state/training:succeeded.xml
14:49:07 [6332]	/candidate_state/unused.xml
14:49:07 [6332]	/candidate_state/vacancy_cancel.xml
14:49:07 [6332]	/candidate_state/vacancy_close.xml
14:49:07 [6332]	/candidate_state/vacancy_response.xml
14:49:07 [6332]	/candidate_state/video_interview_poll:assigned.xml
14:49:07 [6332]	/candidate_state/video_interview_poll:failed.xml
14:49:07 [6332]	/candidate_state/video_interview_poll:started.xml
14:49:07 [6332]	/candidate_state/video_interview_poll:succeeded.xml
14:49:07 [6332]	/candidate_reject_reason/other.xml
14:49:07 [6332]	/candidate_reject_reason/personality.xml
14:49:07 [6332]	/candidate_reject_reason/qualification.xml
14:49:07 [6332]	/candidate_reject_reason/salary.xml
14:49:07 [6332]	/candidate_reject_reason/work_experience.xml
14:49:07 [6332]	/candidate_reject_reason/work_permit.xml
14:49:07 [6332]	/candidate_withdrawal_reason/another_offer.xml
14:49:07 [6332]	/candidate_withdrawal_reason/company.xml
14:49:07 [6332]	/candidate_withdrawal_reason/counter_offer.xml
14:49:07 [6332]	/candidate_withdrawal_reason/location.xml
14:49:07 [6332]	/candidate_withdrawal_reason/not_in_job_search.xml
14:49:07 [6332]	/candidate_withdrawal_reason/other.xml
14:49:07 [6332]	/candidate_withdrawal_reason/salary.xml
14:49:07 [6332]	/candidate_withdrawal_reason/work_conditions.xml
14:49:07 [6332]	/candidate_withdrawal_reason/work_schedule.xml
14:49:07 [6332]	/work_type/0x0000000000000001.xml
14:49:07 [6332]	/work_type/0x0000000000000002.xml
14:49:07 [6332]	/work_type/0x0000000000000003.xml
14:49:07 [6332]	/work_type/0x0000000000000005.xml
14:49:07 [6332]	/work_schedule_type/0x0000000000000001.xml
14:49:07 [6332]	/work_schedule_type/0x0000000000000002.xml
14:49:07 [6332]	/work_schedule_type/0x0000000000000003.xml
14:49:07 [6332]	/work_schedule_type/0x0000000000000004.xml
14:49:07 [6332]	/work_schedule_type/0x0000000000000005.xml
